# JRE version: Java(TM) SE Runtime Environment (8.0_181-b13) (build 1.8.0_181-b13)
# Java VM: Java HotSpot(TM) 64-Bit Server VM (25.181-b13 mixed mode linux-amd64 compressed oops)
Heap:
 PSYoungGen      total 27648K, used 19367K [0x00000000e1780000, 0x00000000e4d00000, 0x0000000100000000)
  eden space 24064K, 65% used [0x00000000e1780000,0x00000000e26e9ee8,0x00000000e2f00000)
  from space 3584K, 100% used [0x00000000e2f00000,0x00000000e3280000,0x00000000e3280000)
  to   space 10752K, 0% used [0x00000000e4280000,0x00000000e4280000,0x00000000e4d00000)
 ParOldGen       total 60928K, used 19629K [0x00000000a4600000, 0x00000000a8180000, 0x00000000e1780000)
  object space 60928K, 32% used [0x00000000a4600000,0x00000000a592b5b8,0x00000000a8180000)
 Metaspace       used 27090K, capacity 28610K, committed 28848K, reserved 1075200K
  class space    used 3633K, capacity 3926K, committed 4016K, reserved 1048576K
GC Heap History (10 events):
Event: 1,542 GC heap before
{Heap before GC invocations=2 (full 0):
 PSYoungGen      total 27648K, used 27616K [0x00000000e1780000, 0x00000000e3600000, 0x0000000100000000)
  eden space 24064K, 100% used [0x00000000e1780000,0x00000000e2f00000,0x00000000e2f00000)
  from space 3584K, 99% used [0x00000000e2f00000,0x00000000e3278060,0x00000000e3280000)
  to   space 3584K, 0% used [0x00000000e3280000,0x00000000e3280000,0x00000000e3600000)
 ParOldGen       total 62976K, used 2391K [0x00000000a4600000, 0x00000000a8380000, 0x00000000e1780000)
  object space 62976K, 3% used [0x00000000a4600000,0x00000000a4855cb8,0x00000000a8380000)
 Metaspace       used 13040K, capacity 13638K, committed 13824K, reserved 1060864K
  class space    used 1778K, capacity 1938K, committed 2048K, reserved 1048576K
Event: 1,550 GC heap after
Heap after GC invocations=2 (full 0):
 PSYoungGen      total 27648K, used 3552K [0x00000000e1780000, 0x00000000e3600000, 0x0000000100000000)
  eden space 24064K, 0% used [0x00000000e1780000,0x00000000e1780000,0x00000000e2f00000)
  from space 3584K, 99% used [0x00000000e3280000,0x00000000e35f8050,0x00000000e3600000)
  to   space 3584K, 0% used [0x00000000e2f00000,0x00000000e2f00000,0x00000000e3280000)
 ParOldGen       total 62976K, used 9187K [0x00000000a4600000, 0x00000000a8380000, 0x00000000e1780000)
  object space 62976K, 14% used [0x00000000a4600000,0x00000000a4ef8d58,0x00000000a8380000)
 Metaspace       used 13040K, capacity 13638K, committed 13824K, reserved 1060864K
  class space    used 1778K, capacity 1938K, committed 2048K, reserved 1048576K
}
Event: 8,710 GC heap before
{Heap before GC invocations=3 (full 0):
 PSYoungGen      total 27648K, used 24078K [0x00000000e1780000, 0x00000000e3600000, 0x0000000100000000)
  eden space 24064K, 85% used [0x00000000e1780000,0x00000000e2b8b9f0,0x00000000e2f00000)
  from space 3584K, 99% used [0x00000000e3280000,0x00000000e35f8050,0x00000000e3600000)
  to   space 3584K, 0% used [0x00000000e2f00000,0x00000000e2f00000,0x00000000e3280000)
 ParOldGen       total 62976K, used 9187K [0x00000000a4600000, 0x00000000a8380000, 0x00000000e1780000)
  object space 62976K, 14% used [0x00000000a4600000,0x00000000a4ef8d58,0x00000000a8380000)
 Metaspace       used 20400K, capacity 21224K, committed 21296K, reserved 1067008K
  class space    used 2894K, capacity 3101K, committed 3120K, reserved 1048576K
Event: 8,719 GC heap after
Heap after GC invocations=3 (full 0):
 PSYoungGen      total 27648K, used 3552K [0x00000000e1780000, 0x00000000e3600000, 0x0000000100000000)
  eden space 24064K, 0% used [0x00000000e1780000,0x00000000e1780000,0x00000000e2f00000)
  from space 3584K, 99% used [0x00000000e2f00000,0x00000000e3278048,0x00000000e3280000)
  to   space 3584K, 0% used [0x00000000e3280000,0x00000000e3280000,0x00000000e3600000)
 ParOldGen       total 62976K, used 12733K [0x00000000a4600000, 0x00000000a8380000, 0x00000000e1780000)
  object space 62976K, 20% used [0x00000000a4600000,0x00000000a526f530,0x00000000a8380000)
 Metaspace       used 20400K, capacity 21224K, committed 21296K, reserved 1067008K
  class space    used 2894K, capacity 3101K, committed 3120K, reserved 1048576K
}
Event: 8,719 GC heap before
{Heap before GC invocations=4 (full 1):
 PSYoungGen      total 27648K, used 3552K [0x00000000e1780000, 0x00000000e3600000, 0x0000000100000000)
  eden space 24064K, 0% used [0x00000000e1780000,0x00000000e1780000,0x00000000e2f00000)
  from space 3584K, 99% used [0x00000000e2f00000,0x00000000e3278048,0x00000000e3280000)
  to   space 3584K, 0% used [0x00000000e3280000,0x00000000e3280000,0x00000000e3600000)
 ParOldGen       total 62976K, used 12733K [0x00000000a4600000, 0x00000000a8380000, 0x00000000e1780000)
  object space 62976K, 20% used [0x00000000a4600000,0x00000000a526f530,0x00000000a8380000)
 Metaspace       used 20400K, capacity 21224K, committed 21296K, reserved 1067008K
  class space    used 2894K, capacity 3101K, committed 3120K, reserved 1048576K
Event: 8,784 GC heap after
Heap after GC invocations=4 (full 1):
 PSYoungGen      total 27648K, used 0K [0x00000000e1780000, 0x00000000e3600000, 0x0000000100000000)
  eden space 24064K, 0% used [0x00000000e1780000,0x00000000e1780000,0x00000000e2f00000)
  from space 3584K, 0% used [0x00000000e2f00000,0x00000000e2f00000,0x00000000e3280000)
  to   space 3584K, 0% used [0x00000000e3280000,0x00000000e3280000,0x00000000e3600000)
 ParOldGen       total 60928K, used 15977K [0x00000000a4600000, 0x00000000a8180000, 0x00000000e1780000)
  object space 60928K, 26% used [0x00000000a4600000,0x00000000a559a4e8,0x00000000a8180000)
 Metaspace       used 20400K, capacity 21224K, committed 21296K, reserved 1067008K
  class space    used 2894K, capacity 3101K, committed 3120K, reserved 1048576K
}
Event: 11,231 GC heap before
{Heap before GC invocations=5 (full 1):
 PSYoungGen      total 27648K, used 24064K [0x00000000e1780000, 0x00000000e3600000, 0x0000000100000000)
  eden space 24064K, 100% used [0x00000000e1780000,0x00000000e2f00000,0x00000000e2f00000)
  from space 3584K, 0% used [0x00000000e2f00000,0x00000000e2f00000,0x00000000e3280000)
  to   space 3584K, 0% used [0x00000000e3280000,0x00000000e3280000,0x00000000e3600000)
 ParOldGen       total 60928K, used 15977K [0x00000000a4600000, 0x00000000a8180000, 0x00000000e1780000)
  object space 60928K, 26% used [0x00000000a4600000,0x00000000a559a4e8,0x00000000a8180000)
 Metaspace       used 24593K, capacity 25836K, committed 26032K, reserved 1071104K
  class space    used 3449K, capacity 3721K, committed 3760K, reserved 1048576K
Event: 11,238 GC heap after
Heap after GC invocations=5 (full 1):
 PSYoungGen      total 27648K, used 3568K [0x00000000e1780000, 0x00000000e4080000, 0x0000000100000000)
  eden space 24064K, 0% used [0x00000000e1780000,0x00000000e1780000,0x00000000e2f00000)
  from space 3584K, 99% used [0x00000000e3280000,0x00000000e35fc2e8,0x00000000e3600000)
  to   space 3584K, 0% used [0x00000000e2f00000,0x00000000e2f00000,0x00000000e3280000)
 ParOldGen       total 60928K, used 17403K [0x00000000a4600000, 0x00000000a8180000, 0x00000000e1780000)
  object space 60928K, 28% used [0x00000000a4600000,0x00000000a56fed08,0x00000000a8180000)
 Metaspace       used 24593K, capacity 25836K, committed 26032K, reserved 1071104K
  class space    used 3449K, capacity 3721K, committed 3760K, reserved 1048576K
}
Event: 34,818 GC heap before
{Heap before GC invocations=6 (full 1):
 PSYoungGen      total 27648K, used 27632K [0x00000000e1780000, 0x00000000e4080000, 0x0000000100000000)
  eden space 24064K, 100% used [0x00000000e1780000,0x00000000e2f00000,0x00000000e2f00000)
  from space 3584K, 99% used [0x00000000e3280000,0x00000000e35fc2e8,0x00000000e3600000)
  to   space 3584K, 0% used [0x00000000e2f00000,0x00000000e2f00000,0x00000000e3280000)
 ParOldGen       total 60928K, used 17403K [0x00000000a4600000, 0x00000000a8180000, 0x00000000e1780000)
  object space 60928K, 28% used [0x00000000a4600000,0x00000000a56fed08,0x00000000a8180000)
 Metaspace       used 26822K, capacity 28330K, committed 28592K, reserved 1073152K
  class space    used 3623K, capacity 3920K, committed 4016K, reserved 1048576K
Event: 34,828 GC heap after
Heap after GC invocations=6 (full 1):
 PSYoungGen      total 27648K, used 3584K [0x00000000e1780000, 0x00000000e4d00000, 0x0000000100000000)
  eden space 24064K, 0% used [0x00000000e1780000,0x00000000e1780000,0x00000000e2f00000)
  from space 3584K, 100% used [0x00000000e2f00000,0x00000000e3280000,0x00000000e3280000)
  to   space 10752K, 0% used [0x00000000e4280000,0x00000000e4280000,0x00000000e4d00000)
 ParOldGen       total 60928K, used 19629K [0x00000000a4600000, 0x00000000a8180000, 0x00000000e1780000)
  object space 60928K, 32% used [0x00000000a4600000,0x00000000a592b5b8,0x00000000a8180000)
 Metaspace       used 26822K, capacity 28330K, committed 28592K, reserved 1073152K
  class space    used 3623K, capacity 3920K, committed 4016K, reserved 1048576K
}

