# JRE version: Java(TM) SE Runtime Environment (8.0_181-b13) (build 1.8.0_181-b13)
# Java VM: Java HotSpot(TM) 64-Bit Server VM (25.181-b13 mixed mode linux-amd64 compressed oops)
Heap:
 PSYoungGen      total 27648K, used 17970K [0x00000000e1780000, 0x00000000e3600000, 0x0000000100000000)
  eden space 24064K, 59% used [0x00000000e1780000,0x00000000e258ee10,0x00000000e2f00000)
  from space 3584K, 99% used [0x00000000e3280000,0x00000000e35fdc08,0x00000000e3600000)
  to   space 3584K, 0% used [0x00000000e2f00000,0x00000000e2f00000,0x00000000e3280000)
 ParOldGen       total 47616K, used 17009K [0x00000000a4600000, 0x00000000a7480000, 0x00000000e1780000)
  object space 47616K, 35% used [0x00000000a4600000,0x00000000a569c4d8,0x00000000a7480000)
 Metaspace       used 25886K, capacity 27388K, committed 27392K, reserved 1073152K
  class space    used 3543K, capacity 3839K, committed 3840K, reserved 1048576K
GC Heap History (10 events):
Event: 1,368 GC heap before
{Heap before GC invocations=1 (full 0):
 PSYoungGen      total 27648K, used 23354K [0x00000000e1780000, 0x00000000e3600000, 0x0000000100000000)
  eden space 24064K, 97% used [0x00000000e1780000,0x00000000e2e4ea70,0x00000000e2f00000)
  from space 3584K, 0% used [0x00000000e3280000,0x00000000e3280000,0x00000000e3600000)
  to   space 3584K, 0% used [0x00000000e2f00000,0x00000000e2f00000,0x00000000e3280000)
 ParOldGen       total 62976K, used 0K [0x00000000a4600000, 0x00000000a8380000, 0x00000000e1780000)
  object space 62976K, 0% used [0x00000000a4600000,0x00000000a4600000,0x00000000a8380000)
 Metaspace       used 11456K, capacity 11820K, committed 11904K, reserved 1058816K
  class space    used 1521K, capacity 1647K, committed 1664K, reserved 1048576K
Event: 1,374 GC heap after
Heap after GC invocations=1 (full 0):
 PSYoungGen      total 27648K, used 3568K [0x00000000e1780000, 0x00000000e3600000, 0x0000000100000000)
  eden space 24064K, 0% used [0x00000000e1780000,0x00000000e1780000,0x00000000e2f00000)
  from space 3584K, 99% used [0x00000000e2f00000,0x00000000e327c070,0x00000000e3280000)
  to   space 3584K, 0% used [0x00000000e3280000,0x00000000e3280000,0x00000000e3600000)
 ParOldGen       total 62976K, used 2362K [0x00000000a4600000, 0x00000000a8380000, 0x00000000e1780000)
  object space 62976K, 3% used [0x00000000a4600000,0x00000000a484e8b0,0x00000000a8380000)
 Metaspace       used 11456K, capacity 11820K, committed 11904K, reserved 1058816K
  class space    used 1521K, capacity 1647K, committed 1664K, reserved 1048576K
}
Event: 1,947 GC heap before
{Heap before GC invocations=2 (full 0):
 PSYoungGen      total 27648K, used 27632K [0x00000000e1780000, 0x00000000e3600000, 0x0000000100000000)
  eden space 24064K, 100% used [0x00000000e1780000,0x00000000e2f00000,0x00000000e2f00000)
  from space 3584K, 99% used [0x00000000e2f00000,0x00000000e327c070,0x00000000e3280000)
  to   space 3584K, 0% used [0x00000000e3280000,0x00000000e3280000,0x00000000e3600000)
 ParOldGen       total 62976K, used 2362K [0x00000000a4600000, 0x00000000a8380000, 0x00000000e1780000)
  object space 62976K, 3% used [0x00000000a4600000,0x00000000a484e8b0,0x00000000a8380000)
 Metaspace       used 13126K, capacity 13772K, committed 14080K, reserved 1060864K
  class space    used 1785K, capacity 1939K, committed 2048K, reserved 1048576K
Event: 1,952 GC heap after
Heap after GC invocations=2 (full 0):
 PSYoungGen      total 27648K, used 3568K [0x00000000e1780000, 0x00000000e3600000, 0x0000000100000000)
  eden space 24064K, 0% used [0x00000000e1780000,0x00000000e1780000,0x00000000e2f00000)
  from space 3584K, 99% used [0x00000000e3280000,0x00000000e35fc040,0x00000000e3600000)
  to   space 3584K, 0% used [0x00000000e2f00000,0x00000000e2f00000,0x00000000e3280000)
 ParOldGen       total 62976K, used 9206K [0x00000000a4600000, 0x00000000a8380000, 0x00000000e1780000)
  object space 62976K, 14% used [0x00000000a4600000,0x00000000a4efd940,0x00000000a8380000)
 Metaspace       used 13126K, capacity 13772K, committed 14080K, reserved 1060864K
  class space    used 1785K, capacity 1939K, committed 2048K, reserved 1048576K
}
Event: 12,257 GC heap before
{Heap before GC invocations=3 (full 0):
 PSYoungGen      total 27648K, used 26367K [0x00000000e1780000, 0x00000000e3600000, 0x0000000100000000)
  eden space 24064K, 94% used [0x00000000e1780000,0x00000000e2dc3f40,0x00000000e2f00000)
  from space 3584K, 99% used [0x00000000e3280000,0x00000000e35fc040,0x00000000e3600000)
  to   space 3584K, 0% used [0x00000000e2f00000,0x00000000e2f00000,0x00000000e3280000)
 ParOldGen       total 62976K, used 9206K [0x00000000a4600000, 0x00000000a8380000, 0x00000000e1780000)
  object space 62976K, 14% used [0x00000000a4600000,0x00000000a4efd940,0x00000000a8380000)
 Metaspace       used 20309K, capacity 21088K, committed 21296K, reserved 1067008K
  class space    used 2877K, capacity 3073K, committed 3200K, reserved 1048576K
Event: 12,266 GC heap after
Heap after GC invocations=3 (full 0):
 PSYoungGen      total 27648K, used 3552K [0x00000000e1780000, 0x00000000e3600000, 0x0000000100000000)
  eden space 24064K, 0% used [0x00000000e1780000,0x00000000e1780000,0x00000000e2f00000)
  from space 3584K, 99% used [0x00000000e2f00000,0x00000000e3278048,0x00000000e3280000)
  to   space 3584K, 0% used [0x00000000e3280000,0x00000000e3280000,0x00000000e3600000)
 ParOldGen       total 62976K, used 12775K [0x00000000a4600000, 0x00000000a8380000, 0x00000000e1780000)
  object space 62976K, 20% used [0x00000000a4600000,0x00000000a5279f70,0x00000000a8380000)
 Metaspace       used 20309K, capacity 21088K, committed 21296K, reserved 1067008K
  class space    used 2877K, capacity 3073K, committed 3200K, reserved 1048576K
}
Event: 12,266 GC heap before
{Heap before GC invocations=4 (full 1):
 PSYoungGen      total 27648K, used 3552K [0x00000000e1780000, 0x00000000e3600000, 0x0000000100000000)
  eden space 24064K, 0% used [0x00000000e1780000,0x00000000e1780000,0x00000000e2f00000)
  from space 3584K, 99% used [0x00000000e2f00000,0x00000000e3278048,0x00000000e3280000)
  to   space 3584K, 0% used [0x00000000e3280000,0x00000000e3280000,0x00000000e3600000)
 ParOldGen       total 62976K, used 12775K [0x00000000a4600000, 0x00000000a8380000, 0x00000000e1780000)
  object space 62976K, 20% used [0x00000000a4600000,0x00000000a5279f70,0x00000000a8380000)
 Metaspace       used 20309K, capacity 21088K, committed 21296K, reserved 1067008K
  class space    used 2877K, capacity 3073K, committed 3200K, reserved 1048576K
Event: 12,328 GC heap after
Heap after GC invocations=4 (full 1):
 PSYoungGen      total 27648K, used 0K [0x00000000e1780000, 0x00000000e3600000, 0x0000000100000000)
  eden space 24064K, 0% used [0x00000000e1780000,0x00000000e1780000,0x00000000e2f00000)
  from space 3584K, 0% used [0x00000000e2f00000,0x00000000e2f00000,0x00000000e3280000)
  to   space 3584K, 0% used [0x00000000e3280000,0x00000000e3280000,0x00000000e3600000)
 ParOldGen       total 47616K, used 16010K [0x00000000a4600000, 0x00000000a7480000, 0x00000000e1780000)
  object space 47616K, 33% used [0x00000000a4600000,0x00000000a55a29a0,0x00000000a7480000)
 Metaspace       used 20309K, capacity 21088K, committed 21296K, reserved 1067008K
  class space    used 2877K, capacity 3073K, committed 3200K, reserved 1048576K
}
Event: 16,345 GC heap before
{Heap before GC invocations=5 (full 1):
 PSYoungGen      total 27648K, used 24064K [0x00000000e1780000, 0x00000000e3600000, 0x0000000100000000)
  eden space 24064K, 100% used [0x00000000e1780000,0x00000000e2f00000,0x00000000e2f00000)
  from space 3584K, 0% used [0x00000000e2f00000,0x00000000e2f00000,0x00000000e3280000)
  to   space 3584K, 0% used [0x00000000e3280000,0x00000000e3280000,0x00000000e3600000)
 ParOldGen       total 47616K, used 16010K [0x00000000a4600000, 0x00000000a7480000, 0x00000000e1780000)
  object space 47616K, 33% used [0x00000000a4600000,0x00000000a55a29a0,0x00000000a7480000)
 Metaspace       used 24570K, capacity 25748K, committed 25984K, reserved 1071104K
  class space    used 3373K, capacity 3625K, committed 3712K, reserved 1048576K
Event: 16,353 GC heap after
Heap after GC invocations=5 (full 1):
 PSYoungGen      total 27648K, used 3575K [0x00000000e1780000, 0x00000000e3600000, 0x0000000100000000)
  eden space 24064K, 0% used [0x00000000e1780000,0x00000000e1780000,0x00000000e2f00000)
  from space 3584K, 99% used [0x00000000e3280000,0x00000000e35fdc08,0x00000000e3600000)
  to   space 3584K, 0% used [0x00000000e2f00000,0x00000000e2f00000,0x00000000e3280000)
 ParOldGen       total 47616K, used 17009K [0x00000000a4600000, 0x00000000a7480000, 0x00000000e1780000)
  object space 47616K, 35% used [0x00000000a4600000,0x00000000a569c4d8,0x00000000a7480000)
 Metaspace       used 24570K, capacity 25748K, committed 25984K, reserved 1071104K
  class space    used 3373K, capacity 3625K, committed 3712K, reserved 1048576K
}

