# JRE version: Java(TM) SE Runtime Environment (8.0_181-b13) (build 1.8.0_181-b13)
# Java VM: Java HotSpot(TM) 64-Bit Server VM (25.181-b13 mixed mode linux-amd64 compressed oops)
Heap:
 PSYoungGen      total 41472K, used 14231K [0x00000000e1780000, 0x00000000e4d80000, 0x0000000100000000)
  eden space 37888K, 28% used [0x00000000e1780000,0x00000000e21e9ef0,0x00000000e3c80000)
  from space 3584K, 99% used [0x00000000e4a00000,0x00000000e4d7be50,0x00000000e4d80000)
  to   space 3584K, 0% used [0x00000000e4680000,0x00000000e4680000,0x00000000e4a00000)
 ParOldGen       total 56832K, used 17309K [0x00000000a4600000, 0x00000000a7d80000, 0x00000000e1780000)
  object space 56832K, 30% used [0x00000000a4600000,0x00000000a56e7538,0x00000000a7d80000)
 Metaspace       used 25602K, capacity 27090K, committed 27184K, reserved 1073152K
  class space    used 3537K, capacity 3806K, committed 3888K, reserved 1048576K
GC Heap History (10 events):
Event: 0,829 GC heap before
{Heap before GC invocations=1 (full 0):
 PSYoungGen      total 27648K, used 23354K [0x00000000e1780000, 0x00000000e3600000, 0x0000000100000000)
  eden space 24064K, 97% used [0x00000000e1780000,0x00000000e2e4e840,0x00000000e2f00000)
  from space 3584K, 0% used [0x00000000e3280000,0x00000000e3280000,0x00000000e3600000)
  to   space 3584K, 0% used [0x00000000e2f00000,0x00000000e2f00000,0x00000000e3280000)
 ParOldGen       total 62976K, used 0K [0x00000000a4600000, 0x00000000a8380000, 0x00000000e1780000)
  object space 62976K, 0% used [0x00000000a4600000,0x00000000a4600000,0x00000000a8380000)
 Metaspace       used 11444K, capacity 11820K, committed 11904K, reserved 1058816K
  class space    used 1522K, capacity 1647K, committed 1664K, reserved 1048576K
Event: 0,836 GC heap after
Heap after GC invocations=1 (full 0):
 PSYoungGen      total 27648K, used 3568K [0x00000000e1780000, 0x00000000e3600000, 0x0000000100000000)
  eden space 24064K, 0% used [0x00000000e1780000,0x00000000e1780000,0x00000000e2f00000)
  from space 3584K, 99% used [0x00000000e2f00000,0x00000000e327c050,0x00000000e3280000)
  to   space 3584K, 0% used [0x00000000e3280000,0x00000000e3280000,0x00000000e3600000)
 ParOldGen       total 62976K, used 2399K [0x00000000a4600000, 0x00000000a8380000, 0x00000000e1780000)
  object space 62976K, 3% used [0x00000000a4600000,0x00000000a4857ce8,0x00000000a8380000)
 Metaspace       used 11444K, capacity 11820K, committed 11904K, reserved 1058816K
  class space    used 1522K, capacity 1647K, committed 1664K, reserved 1048576K
}
Event: 1,222 GC heap before
{Heap before GC invocations=2 (full 0):
 PSYoungGen      total 27648K, used 27632K [0x00000000e1780000, 0x00000000e3600000, 0x0000000100000000)
  eden space 24064K, 100% used [0x00000000e1780000,0x00000000e2f00000,0x00000000e2f00000)
  from space 3584K, 99% used [0x00000000e2f00000,0x00000000e327c050,0x00000000e3280000)
  to   space 3584K, 0% used [0x00000000e3280000,0x00000000e3280000,0x00000000e3600000)
 ParOldGen       total 62976K, used 2399K [0x00000000a4600000, 0x00000000a8380000, 0x00000000e1780000)
  object space 62976K, 3% used [0x00000000a4600000,0x00000000a4857ce8,0x00000000a8380000)
 Metaspace       used 13068K, capacity 13676K, committed 13696K, reserved 1060864K
  class space    used 1783K, capacity 1907K, committed 1920K, reserved 1048576K
Event: 1,234 GC heap after
Heap after GC invocations=2 (full 0):
 PSYoungGen      total 27648K, used 3552K [0x00000000e1780000, 0x00000000e4d80000, 0x0000000100000000)
  eden space 24064K, 0% used [0x00000000e1780000,0x00000000e1780000,0x00000000e2f00000)
  from space 3584K, 99% used [0x00000000e3280000,0x00000000e35f8030,0x00000000e3600000)
  to   space 3584K, 0% used [0x00000000e2f00000,0x00000000e2f00000,0x00000000e3280000)
 ParOldGen       total 62976K, used 9219K [0x00000000a4600000, 0x00000000a8380000, 0x00000000e1780000)
  object space 62976K, 14% used [0x00000000a4600000,0x00000000a4f00d68,0x00000000a8380000)
 Metaspace       used 13068K, capacity 13676K, committed 13696K, reserved 1060864K
  class space    used 1783K, capacity 1907K, committed 1920K, reserved 1048576K
}
Event: 8,538 GC heap before
{Heap before GC invocations=3 (full 0):
 PSYoungGen      total 27648K, used 27616K [0x00000000e1780000, 0x00000000e4d80000, 0x0000000100000000)
  eden space 24064K, 100% used [0x00000000e1780000,0x00000000e2f00000,0x00000000e2f00000)
  from space 3584K, 99% used [0x00000000e3280000,0x00000000e35f8030,0x00000000e3600000)
  to   space 3584K, 0% used [0x00000000e2f00000,0x00000000e2f00000,0x00000000e3280000)
 ParOldGen       total 62976K, used 9219K [0x00000000a4600000, 0x00000000a8380000, 0x00000000e1780000)
  object space 62976K, 14% used [0x00000000a4600000,0x00000000a4f00d68,0x00000000a8380000)
 Metaspace       used 20427K, capacity 21240K, committed 21296K, reserved 1067008K
  class space    used 2908K, capacity 3105K, committed 3120K, reserved 1048576K
Event: 8,548 GC heap after
Heap after GC invocations=3 (full 0):
 PSYoungGen      total 27648K, used 3552K [0x00000000e1780000, 0x00000000e4d80000, 0x0000000100000000)
  eden space 24064K, 0% used [0x00000000e1780000,0x00000000e1780000,0x00000000e2f00000)
  from space 3584K, 99% used [0x00000000e2f00000,0x00000000e3278048,0x00000000e3280000)
  to   space 3584K, 0% used [0x00000000e4a00000,0x00000000e4a00000,0x00000000e4d80000)
 ParOldGen       total 62976K, used 13028K [0x00000000a4600000, 0x00000000a8380000, 0x00000000e1780000)
  object space 62976K, 20% used [0x00000000a4600000,0x00000000a52b91b0,0x00000000a8380000)
 Metaspace       used 20427K, capacity 21240K, committed 21296K, reserved 1067008K
  class space    used 2908K, capacity 3105K, committed 3120K, reserved 1048576K
}
Event: 8,548 GC heap before
{Heap before GC invocations=4 (full 1):
 PSYoungGen      total 27648K, used 3552K [0x00000000e1780000, 0x00000000e4d80000, 0x0000000100000000)
  eden space 24064K, 0% used [0x00000000e1780000,0x00000000e1780000,0x00000000e2f00000)
  from space 3584K, 99% used [0x00000000e2f00000,0x00000000e3278048,0x00000000e3280000)
  to   space 3584K, 0% used [0x00000000e4a00000,0x00000000e4a00000,0x00000000e4d80000)
 ParOldGen       total 62976K, used 13028K [0x00000000a4600000, 0x00000000a8380000, 0x00000000e1780000)
  object space 62976K, 20% used [0x00000000a4600000,0x00000000a52b91b0,0x00000000a8380000)
 Metaspace       used 20427K, capacity 21240K, committed 21296K, reserved 1067008K
  class space    used 2908K, capacity 3105K, committed 3120K, reserved 1048576K
Event: 8,617 GC heap after
Heap after GC invocations=4 (full 1):
 PSYoungGen      total 27648K, used 0K [0x00000000e1780000, 0x00000000e4d80000, 0x0000000100000000)
  eden space 24064K, 0% used [0x00000000e1780000,0x00000000e1780000,0x00000000e2f00000)
  from space 3584K, 0% used [0x00000000e2f00000,0x00000000e2f00000,0x00000000e3280000)
  to   space 3584K, 0% used [0x00000000e4a00000,0x00000000e4a00000,0x00000000e4d80000)
 ParOldGen       total 56832K, used 16247K [0x00000000a4600000, 0x00000000a7d80000, 0x00000000e1780000)
  object space 56832K, 28% used [0x00000000a4600000,0x00000000a55ddf58,0x00000000a7d80000)
 Metaspace       used 20427K, capacity 21240K, committed 21296K, reserved 1067008K
  class space    used 2908K, capacity 3105K, committed 3120K, reserved 1048576K
}
Event: 10,675 GC heap before
{Heap before GC invocations=5 (full 1):
 PSYoungGen      total 27648K, used 24064K [0x00000000e1780000, 0x00000000e4d80000, 0x0000000100000000)
  eden space 24064K, 100% used [0x00000000e1780000,0x00000000e2f00000,0x00000000e2f00000)
  from space 3584K, 0% used [0x00000000e2f00000,0x00000000e2f00000,0x00000000e3280000)
  to   space 3584K, 0% used [0x00000000e4a00000,0x00000000e4a00000,0x00000000e4d80000)
 ParOldGen       total 56832K, used 16247K [0x00000000a4600000, 0x00000000a7d80000, 0x00000000e1780000)
  object space 56832K, 28% used [0x00000000a4600000,0x00000000a55ddf58,0x00000000a7d80000)
 Metaspace       used 24943K, capacity 26352K, committed 26672K, reserved 1073152K
  class space    used 3507K, capacity 3763K, committed 3888K, reserved 1048576K
Event: 10,684 GC heap after
Heap after GC invocations=5 (full 1):
 PSYoungGen      total 41472K, used 3567K [0x00000000e1780000, 0x00000000e4d80000, 0x0000000100000000)
  eden space 37888K, 0% used [0x00000000e1780000,0x00000000e1780000,0x00000000e3c80000)
  from space 3584K, 99% used [0x00000000e4a00000,0x00000000e4d7be50,0x00000000e4d80000)
  to   space 3584K, 0% used [0x00000000e4680000,0x00000000e4680000,0x00000000e4a00000)
 ParOldGen       total 56832K, used 17309K [0x00000000a4600000, 0x00000000a7d80000, 0x00000000e1780000)
  object space 56832K, 30% used [0x00000000a4600000,0x00000000a56e7538,0x00000000a7d80000)
 Metaspace       used 24943K, capacity 26352K, committed 26672K, reserved 1073152K
  class space    used 3507K, capacity 3763K, committed 3888K, reserved 1048576K
}

