# JRE version: Java(TM) SE Runtime Environment (8.0_181-b13) (build 1.8.0_181-b13)
# Java VM: Java HotSpot(TM) 64-Bit Server VM (25.181-b13 mixed mode linux-amd64 compressed oops)
Heap:
 PSYoungGen      total 27648K, used 24082K [0x00000000e1780000, 0x00000000e4b80000, 0x0000000100000000)
  eden space 24064K, 85% used [0x00000000e1780000,0x00000000e2b84878,0x00000000e2f00000)
  from space 3584K, 100% used [0x00000000e2f00000,0x00000000e3280000,0x00000000e3280000)
  to   space 10240K, 0% used [0x00000000e4180000,0x00000000e4180000,0x00000000e4b80000)
 ParOldGen       total 60928K, used 20845K [0x00000000a4600000, 0x00000000a8180000, 0x00000000e1780000)
  object space 60928K, 34% used [0x00000000a4600000,0x00000000a5a5b488,0x00000000a8180000)
 Metaspace       used 27245K, capacity 28770K, committed 29056K, reserved 1075200K
  class space    used 3646K, capacity 3932K, committed 3968K, reserved 1048576K
GC Heap History (10 events):
Event: 1,343 GC heap before
{Heap before GC invocations=2 (full 0):
 PSYoungGen      total 27648K, used 27632K [0x00000000e1780000, 0x00000000e3600000, 0x0000000100000000)
  eden space 24064K, 100% used [0x00000000e1780000,0x00000000e2f00000,0x00000000e2f00000)
  from space 3584K, 99% used [0x00000000e2f00000,0x00000000e327c070,0x00000000e3280000)
  to   space 3584K, 0% used [0x00000000e3280000,0x00000000e3280000,0x00000000e3600000)
 ParOldGen       total 62976K, used 2362K [0x00000000a4600000, 0x00000000a8380000, 0x00000000e1780000)
  object space 62976K, 3% used [0x00000000a4600000,0x00000000a484e8b0,0x00000000a8380000)
 Metaspace       used 13002K, capacity 13606K, committed 13696K, reserved 1060864K
  class space    used 1776K, capacity 1906K, committed 1920K, reserved 1048576K
Event: 1,349 GC heap after
Heap after GC invocations=2 (full 0):
 PSYoungGen      total 27648K, used 3568K [0x00000000e1780000, 0x00000000e3600000, 0x0000000100000000)
  eden space 24064K, 0% used [0x00000000e1780000,0x00000000e1780000,0x00000000e2f00000)
  from space 3584K, 99% used [0x00000000e3280000,0x00000000e35fc040,0x00000000e3600000)
  to   space 3584K, 0% used [0x00000000e2f00000,0x00000000e2f00000,0x00000000e3280000)
 ParOldGen       total 62976K, used 9166K [0x00000000a4600000, 0x00000000a8380000, 0x00000000e1780000)
  object space 62976K, 14% used [0x00000000a4600000,0x00000000a4ef3940,0x00000000a8380000)
 Metaspace       used 13002K, capacity 13606K, committed 13696K, reserved 1060864K
  class space    used 1776K, capacity 1906K, committed 1920K, reserved 1048576K
}
Event: 7,443 GC heap before
{Heap before GC invocations=3 (full 0):
 PSYoungGen      total 27648K, used 24322K [0x00000000e1780000, 0x00000000e3600000, 0x0000000100000000)
  eden space 24064K, 86% used [0x00000000e1780000,0x00000000e2bc4828,0x00000000e2f00000)
  from space 3584K, 99% used [0x00000000e3280000,0x00000000e35fc040,0x00000000e3600000)
  to   space 3584K, 0% used [0x00000000e2f00000,0x00000000e2f00000,0x00000000e3280000)
 ParOldGen       total 62976K, used 9166K [0x00000000a4600000, 0x00000000a8380000, 0x00000000e1780000)
  object space 62976K, 14% used [0x00000000a4600000,0x00000000a4ef3940,0x00000000a8380000)
 Metaspace       used 20281K, capacity 21152K, committed 21296K, reserved 1067008K
  class space    used 2896K, capacity 3101K, committed 3200K, reserved 1048576K
Event: 7,453 GC heap after
Heap after GC invocations=3 (full 0):
 PSYoungGen      total 27648K, used 3552K [0x00000000e1780000, 0x00000000e3600000, 0x0000000100000000)
  eden space 24064K, 0% used [0x00000000e1780000,0x00000000e1780000,0x00000000e2f00000)
  from space 3584K, 99% used [0x00000000e2f00000,0x00000000e3278048,0x00000000e3280000)
  to   space 3584K, 0% used [0x00000000e3280000,0x00000000e3280000,0x00000000e3600000)
 ParOldGen       total 62976K, used 12735K [0x00000000a4600000, 0x00000000a8380000, 0x00000000e1780000)
  object space 62976K, 20% used [0x00000000a4600000,0x00000000a526ff80,0x00000000a8380000)
 Metaspace       used 20281K, capacity 21152K, committed 21296K, reserved 1067008K
  class space    used 2896K, capacity 3101K, committed 3200K, reserved 1048576K
}
Event: 7,453 GC heap before
{Heap before GC invocations=4 (full 1):
 PSYoungGen      total 27648K, used 3552K [0x00000000e1780000, 0x00000000e3600000, 0x0000000100000000)
  eden space 24064K, 0% used [0x00000000e1780000,0x00000000e1780000,0x00000000e2f00000)
  from space 3584K, 99% used [0x00000000e2f00000,0x00000000e3278048,0x00000000e3280000)
  to   space 3584K, 0% used [0x00000000e3280000,0x00000000e3280000,0x00000000e3600000)
 ParOldGen       total 62976K, used 12735K [0x00000000a4600000, 0x00000000a8380000, 0x00000000e1780000)
  object space 62976K, 20% used [0x00000000a4600000,0x00000000a526ff80,0x00000000a8380000)
 Metaspace       used 20281K, capacity 21152K, committed 21296K, reserved 1067008K
  class space    used 2896K, capacity 3101K, committed 3200K, reserved 1048576K
Event: 7,514 GC heap after
Heap after GC invocations=4 (full 1):
 PSYoungGen      total 27648K, used 0K [0x00000000e1780000, 0x00000000e3600000, 0x0000000100000000)
  eden space 24064K, 0% used [0x00000000e1780000,0x00000000e1780000,0x00000000e2f00000)
  from space 3584K, 0% used [0x00000000e2f00000,0x00000000e2f00000,0x00000000e3280000)
  to   space 3584K, 0% used [0x00000000e3280000,0x00000000e3280000,0x00000000e3600000)
 ParOldGen       total 60928K, used 15968K [0x00000000a4600000, 0x00000000a8180000, 0x00000000e1780000)
  object space 60928K, 26% used [0x00000000a4600000,0x00000000a5598090,0x00000000a8180000)
 Metaspace       used 20281K, capacity 21152K, committed 21296K, reserved 1067008K
  class space    used 2896K, capacity 3101K, committed 3200K, reserved 1048576K
}
Event: 9,790 GC heap before
{Heap before GC invocations=5 (full 1):
 PSYoungGen      total 27648K, used 24064K [0x00000000e1780000, 0x00000000e3600000, 0x0000000100000000)
  eden space 24064K, 100% used [0x00000000e1780000,0x00000000e2f00000,0x00000000e2f00000)
  from space 3584K, 0% used [0x00000000e2f00000,0x00000000e2f00000,0x00000000e3280000)
  to   space 3584K, 0% used [0x00000000e3280000,0x00000000e3280000,0x00000000e3600000)
 ParOldGen       total 60928K, used 15968K [0x00000000a4600000, 0x00000000a8180000, 0x00000000e1780000)
  object space 60928K, 26% used [0x00000000a4600000,0x00000000a5598090,0x00000000a8180000)
 Metaspace       used 24434K, capacity 25680K, committed 25728K, reserved 1071104K
  class space    used 3444K, capacity 3711K, committed 3712K, reserved 1048576K
Event: 9,797 GC heap after
Heap after GC invocations=5 (full 1):
 PSYoungGen      total 27648K, used 3568K [0x00000000e1780000, 0x00000000e4000000, 0x0000000100000000)
  eden space 24064K, 0% used [0x00000000e1780000,0x00000000e1780000,0x00000000e2f00000)
  from space 3584K, 99% used [0x00000000e3280000,0x00000000e35fc230,0x00000000e3600000)
  to   space 3584K, 0% used [0x00000000e2f00000,0x00000000e2f00000,0x00000000e3280000)
 ParOldGen       total 60928K, used 17422K [0x00000000a4600000, 0x00000000a8180000, 0x00000000e1780000)
  object space 60928K, 28% used [0x00000000a4600000,0x00000000a5703ba8,0x00000000a8180000)
 Metaspace       used 24434K, capacity 25680K, committed 25728K, reserved 1071104K
  class space    used 3444K, capacity 3711K, committed 3712K, reserved 1048576K
}
Event: 38,931 GC heap before
{Heap before GC invocations=6 (full 1):
 PSYoungGen      total 27648K, used 27632K [0x00000000e1780000, 0x00000000e4000000, 0x0000000100000000)
  eden space 24064K, 100% used [0x00000000e1780000,0x00000000e2f00000,0x00000000e2f00000)
  from space 3584K, 99% used [0x00000000e3280000,0x00000000e35fc230,0x00000000e3600000)
  to   space 3584K, 0% used [0x00000000e2f00000,0x00000000e2f00000,0x00000000e3280000)
 ParOldGen       total 60928K, used 17422K [0x00000000a4600000, 0x00000000a8180000, 0x00000000e1780000)
  object space 60928K, 28% used [0x00000000a4600000,0x00000000a5703ba8,0x00000000a8180000)
 Metaspace       used 26849K, capacity 28344K, committed 28544K, reserved 1073152K
  class space    used 3633K, capacity 3921K, committed 3968K, reserved 1048576K
Event: 38,943 GC heap after
Heap after GC invocations=6 (full 1):
 PSYoungGen      total 27648K, used 3584K [0x00000000e1780000, 0x00000000e4b80000, 0x0000000100000000)
  eden space 24064K, 0% used [0x00000000e1780000,0x00000000e1780000,0x00000000e2f00000)
  from space 3584K, 100% used [0x00000000e2f00000,0x00000000e3280000,0x00000000e3280000)
  to   space 10240K, 0% used [0x00000000e4180000,0x00000000e4180000,0x00000000e4b80000)
 ParOldGen       total 60928K, used 20845K [0x00000000a4600000, 0x00000000a8180000, 0x00000000e1780000)
  object space 60928K, 34% used [0x00000000a4600000,0x00000000a5a5b488,0x00000000a8180000)
 Metaspace       used 26849K, capacity 28344K, committed 28544K, reserved 1073152K
  class space    used 3633K, capacity 3921K, committed 3968K, reserved 1048576K
}

